[2022-08-26 04:02:51+02:00] INFO: Installer API request received {"method":"GET","endpoint":"checkApi"} 
ion"} 
} 
[2022-08-26 04:02:51+02:00] NOTICE: Checking PHP "curl" extension  
[2022-08-26 04:02:51+02:00] NOTICE: Compared PHP version {"installed":"7.4.26","needed":"7.2.9"} 
[2022-08-26 04:02:51+02:00] NOTICE: PHP version requirement met.  
[2022-08-26 04:02:51+02:00] NOTICE: Checking PHP "zip" extension  
[2022-08-26 04:02:51+02:00] NOTICE: Checking PHP "mbstring" extension  
[2022-08-26 04:02:51+02:00] NOTICE: Checking PHP "fileinfo" extension  
[2022-08-26 04:02:51+02:00] NOTICE: Checking PHP "openssl" extension  
[2022-08-26 04:02:51+02:00] NOTICE: Checking PHP "gd" extension  
[2022-08-26 04:02:51+02:00] NOTICE: Checking PHP "filter" extension  
[2022-08-26 04:02:51+02:00] NOTICE: Checking PHP "hash" extension  
[2022-08-26 04:02:51+02:00] NOTICE: Checking PHP "dom" extension  
[2022-08-26 04:02:51+02:00] NOTICE: Required PHP extensions are installed.  
[2022-08-26 04:02:52+02:00] INFO: Winter API request {"method":"GET","uri":"ping"} 
[2022-08-26 04:02:53+02:00] NOTICE: Response received from Winter CMS API {"response":"pong"} 
[2022-08-26 04:02:53+02:00] NOTICE: Winter CMS API connection successful.  
[2022-08-26 04:05:11+02:00] INFO: Installer API request received {"method":"POST","endpoint":"checkDatabase"} 
[2022-08-26 04:05:11+02:00] NOTICE: Check database connection  
[2022-08-26 04:05:11+02:00] INFO: Installer API request received {"method":"GET","endpoint":"checkWriteAccess"} 
[2022-08-26 04:05:11+02:00] NOTICE: Current working directory is writable.  
[2022-08-26 04:05:12+02:00] ERROR: Database could not be connected to. {"code":500,"exception":"SQLSTATE[HY000] [1102] Incorrect database name 'isp_port_bd '"} 
[2022-08-26 04:05:16+02:00] INFO: Installer API request received {"method":"POST","endpoint":"checkDatabase"} 
[2022-08-26 04:05:16+02:00] NOTICE: Check database connection  
[2022-08-26 04:05:16+02:00] INFO: Installer API request received {"method":"GET","endpoint":"checkWriteAccess"} 
[2022-08-26 04:05:16+02:00] NOTICE: Current working directory is writable.  
[2022-08-26 04:05:16+02:00] ERROR: Database could not be connected to. {"code":500,"exception":"SQLSTATE[HY000] [1102] Incorrect database name 'isp_port_bd '"} 
[2022-08-26 04:07:15+02:00] INFO: Installer API request received {"method":"POST","endpoint":"checkDatabase"} 
[2022-08-26 04:07:15+02:00] NOTICE: Check database connection  
[2022-08-26 04:07:15+02:00] INFO: Installer API request received {"method":"GET","endpoint":"checkWriteAccess"} 
[2022-08-26 04:07:15+02:00] NOTICE: Current working directory is writable.  
[2022-08-26 04:07:15+02:00] ERROR: Database could not be connected to. {"code":500,"exception":"SQLSTATE[HY000] [1102] Incorrect database name 'isp_port_bd '"} 
[2022-08-26 04:08:56+02:00] INFO: Installer API request received {"method":"GET","endpoint":"checkWriteAccess"} 
[2022-08-26 04:08:56+02:00] NOTICE: Current working directory is writable.  
[2022-08-26 04:08:56+02:00] INFO: Installer API request received {"method":"POST","endpoint":"checkDatabase"} 
[2022-08-26 04:08:56+02:00] NOTICE: Check database connection  
[2022-08-26 04:08:56+02:00] NOTICE: Found 0 table(s) {"tables":""} 
[2022-08-26 04:08:56+02:00] NOTICE: Database connection established and verified empty  
[2022-08-26 04:08:59+02:00] INFO: Installer API request received {"method":"POST","endpoint":"downloadWinter"} 
[2022-08-26 04:08:59+02:00] NOTICE: Try downloading Winter CMS archive  
[2022-08-26 04:08:59+02:00] NOTICE: Downloading Winter ZIP via cURL {"url":"https://github.com/wintercms/winter/archive/refs/heads/1.1.zip"} 
[2022-08-26 04:09:06+02:00] NOTICE: Winter CMS ZIP file downloaded {"path":"E:\\xampp\\htdocs\\isp_portfolio\\.wintercms\\winter.zip"} 
[2022-08-26 04:09:06+02:00] INFO: Installer API request received {"method":"POST","endpoint":"extractWinter"} 
[2022-08-26 04:09:06+02:00] NOTICE: Begin extracting Winter CMS archive  
[2022-08-26 04:09:13+02:00] NOTICE: Move subfoldered files into position {"subfolder":"winter-1.1/"} 
[2022-08-26 04:09:13+02:00] NOTICE: Remove ZIP subfolder {"subfolder":"winter-1.1/"} 
[2022-08-26 04:09:13+02:00] NOTICE: Make artisan command-line tool executable {"path":"E:\\xampp\\htdocs\\isp_portfolio\\.wintercms\\artisan"} 
[2022-08-26 04:09:13+02:00] NOTICE: Remove Composer Merge plugin from composer.json if found  
[2022-08-26 04:09:13+02:00] NOTICE: Found merge plugin in required packages - removing  
[2022-08-26 04:09:13+02:00] NOTICE: Found merge plugin config in "extra" config definition - removing  
[2022-08-26 04:09:13+02:00] INFO: Installer API request received {"method":"POST","endpoint":"lockDependencies"} 
[2022-08-26 04:09:13+02:00] NOTICE: Create Composer instance  
[2022-08-26 04:09:13+02:00] NOTICE: Set memory limit to 1.5GB  
[2022-08-26 04:09:13+02:00] NOTICE: Set work directory for Composer {"path":"E:\\xampp\\htdocs\\isp_portfolio\\.wintercms"} 
[2022-08-26 04:09:13+02:00] NOTICE: Create home/cache directory for Composer {"path":"E:\\xampp\\htdocs\\isp_portfolio\\.wintercms\\.composer"} 
[2022-08-26 04:09:13+02:00] NOTICE: Set home/cache directory for Composer {"path":"E:\\xampp\\htdocs\\isp_portfolio\\.wintercms\\.composer"} 
[2022-08-26 04:09:13+02:00] NOTICE: Run Composer "update" command - generate only a lockfile  
[2022-08-26 04:09:28+02:00] NOTICE: Locked Composer packages {"numPackages":100,"lockFile":"E:\\xampp\\htdocs\\isp_portfolio\\.wintercms\\composer.lock"} 
[2022-08-26 04:09:28+02:00] INFO: Installer API request received {"method":"POST","endpoint":"installDependencies"} 
[2022-08-26 04:09:28+02:00] NOTICE: Create Composer instance  
[2022-08-26 04:09:28+02:00] NOTICE: Set memory limit to 1.5GB  
[2022-08-26 04:09:28+02:00] NOTICE: Set work directory for Composer {"path":"E:\\xampp\\htdocs\\isp_portfolio\\.wintercms"} 
[2022-08-26 04:09:28+02:00] NOTICE: Set home/cache directory for Composer {"path":"E:\\xampp\\htdocs\\isp_portfolio\\.wintercms\\.composer"} 
[2022-08-26 04:09:28+02:00] NOTICE: Run Composer "install" command - install from lockfile  
[2022-08-26 04:10:32+02:00] NOTICE: Installed Composer packages {"numPackages":100} 
[2022-08-26 04:10:32+02:00] INFO: Installer API request received {"method":"POST","endpoint":"setupConfig"} 
[2022-08-26 04:10:32+02:00] NOTICE: Booting Laravel framework  
[2022-08-26 04:10:32+02:00] NOTICE: Loading autoloader  
[2022-08-26 04:10:33+02:00] NOTICE: Bootstrapping kernel  
[2022-08-26 04:10:33+02:00] NOTICE: Rewriting config {"path":"E:\\xampp\\htdocs\\isp_portfolio\\.wintercms\\config\\app.php"} 
[2022-08-26 04:10:33+02:00] NOTICE: Rewriting config {"path":"E:\\xampp\\htdocs\\isp_portfolio\\.wintercms\\config\\cms.php"} 
[2022-08-26 04:10:33+02:00] NOTICE: Rewriting config {"path":"E:\\xampp\\htdocs\\isp_portfolio\\.wintercms\\config\\database.php"} 
[2022-08-26 04:10:33+02:00] INFO: Installer API request received {"method":"POST","endpoint":"runMigrations"} 
[2022-08-26 04:10:33+02:00] NOTICE: Booting Laravel framework  
[2022-08-26 04:10:33+02:00] NOTICE: Loading autoloader  
[2022-08-26 04:10:33+02:00] NOTICE: Bootstrapping kernel  
[2022-08-26 04:10:33+02:00] NOTICE: Running artisan "config:clear" command  
[2022-08-26 04:10:34+02:00] NOTICE: Command finished. {"output":"Configuration cache cleared!\r\n"} 
[2022-08-26 04:10:34+02:00] NOTICE: Running database migrations  
[2022-08-26 04:11:15+02:00] NOTICE: Command finished. {"output":"Migrating application and plugins...\r\nMigration table created\r\nSystem\r\nMigrating: 2013_10_01_000001_Db_Deferred_Bindings\r\nMigrated:  2013_10_01_000001_Db_Deferred_Bindings (1.13 seconds)\r\nMigrating: 2013_10_01_000002_Db_System_Files\r\nMigrated:  2013_10_01_000002_Db_System_Files (3.4 seconds)\r\nMigrating: 2013_10_01_000003_Db_System_Plugin_Versions\r\nMigrated:  2013_10_01_000003_Db_System_Plugin_Versions (1.48 seconds)\r\nMigrating: 2013_10_01_000004_Db_System_Plugin_History\r\nMigrated:  2013_10_01_000004_Db_System_Plugin_History (1.25 seconds)\r\nMigrating: 2013_10_01_000005_Db_System_Settings\r\nMigrated:  2013_10_01_000005_Db_System_Settings (0.34 seconds)\r\nMigrating: 2013_10_01_000006_Db_System_Parameters\r\nMigrated:  2013_10_01_000006_Db_System_Parameters (3.35 seconds)\r\nMigrating: 2013_10_01_000007_Db_System_Add_Disabled_Flag\r\nMigrated:  2013_10_01_000007_Db_System_Add_Disabled_Flag (0.32 seconds)\r\nMigrating: 2013_10_01_000008_Db_System_Mail_Templates\r\nMigrated:  2013_10_01_000008_Db_System_Mail_Templates (1.29 seconds)\r\nMigrating: 2013_10_01_000009_Db_System_Mail_Layouts\r\nMigrated:  2013_10_01_000009_Db_System_Mail_Layouts (1.79 seconds)\r\nMigrating: 2014_10_01_000010_Db_Jobs\r\nMigrated:  2014_10_01_000010_Db_Jobs (1.55 seconds)\r\nMigrating: 2014_10_01_000011_Db_System_Event_Logs\r\nMigrated:  2014_10_01_000011_Db_System_Event_Logs (0.58 seconds)\r\nMigrating: 2014_10_01_000012_Db_System_Request_Logs\r\nMigrated:  2014_10_01_000012_Db_System_Request_Logs (0.16 seconds)\r\nMigrating: 2014_10_01_000013_Db_System_Sessions\r\nMigrated:  2014_10_01_000013_Db_System_Sessions (0.97 seconds)\r\nMigrating: 2015_10_01_000014_Db_System_Mail_Layout_Rename\r\nMigrated:  2015_10_01_000014_Db_System_Mail_Layout_Rename (0.01 seconds)\r\nMigrating: 2015_10_01_000015_Db_System_Add_Frozen_Flag\r\nMigrated:  2015_10_01_000015_Db_System_Add_Frozen_Flag (0.45 seconds)\r\nMigrating: 2015_10_01_000016_Db_Cache\r\nMigrated:  2015_10_01_000016_Db_Cache (1.89 seconds)\r\nMigrating: 2015_10_01_000017_Db_System_Revisions\r\nMigrated:  2015_10_01_000017_Db_System_Revisions (1.76 seconds)\r\nMigrating: 2015_10_01_000018_Db_FailedJobs\r\nMigrated:  2015_10_01_000018_Db_FailedJobs (0.22 seconds)\r\nMigrating: 2016_10_01_000019_Db_System_Plugin_History_Detail_Text\r\nMigrated:  2016_10_01_000019_Db_System_Plugin_History_Detail_Text (0.52 seconds)\r\nMigrating: 2016_10_01_000020_Db_System_Timestamp_Fix\r\nMigrated:  2016_10_01_000020_Db_System_Timestamp_Fix (1.13 seconds)\r\nMigrating: 2017_08_04_121309_Db_Deferred_Bindings_Add_Index_Session\r\nMigrated:  2017_08_04_121309_Db_Deferred_Bindings_Add_Index_Session (0.17 seconds)\r\nMigrating: 2017_10_01_000021_Db_System_Sessions_Update\r\nMigrated:  2017_10_01_000021_Db_System_Sessions_Update (0.25 seconds)\r\nMigrating: 2017_10_01_000022_Db_Jobs_FailedJobs_Update\r\nMigrated:  2017_10_01_000022_Db_Jobs_FailedJobs_Update (0.24 seconds)\r\nMigrating: 2017_10_01_000023_Db_System_Mail_Partials\r\nMigrated:  2017_10_01_000023_Db_System_Mail_Partials (0.2 seconds)\r\nMigrating: 2017_10_23_000024_Db_System_Mail_Layouts_Add_Options_Field\r\nMigrated:  2017_10_23_000024_Db_System_Mail_Layouts_Add_Options_Field (0.05 seconds)\r\nMigrating: 2021_10_01_000025_Db_Add_Pivot_Data_To_Deferred_Bindings\r\nMigrated:  2021_10_01_000025_Db_Add_Pivot_Data_To_Deferred_Bindings (0.05 seconds)\r\nBackend\r\nMigrating: 2013_10_01_000001_Db_Backend_Users\r\nMigrated:  2013_10_01_000001_Db_Backend_Users (1.36 seconds)\r\nMigrating: 2013_10_01_000002_Db_Backend_User_Groups\r\nMigrated:  2013_10_01_000002_Db_Backend_User_Groups (0.28 seconds)\r\nMigrating: 2013_10_01_000003_Db_Backend_Users_Groups\r\nMigrated:  2013_10_01_000003_Db_Backend_Users_Groups (2.18 seconds)\r\nMigrating: 2013_10_01_000004_Db_Backend_User_Throttle\r\nMigrated:  2013_10_01_000004_Db_Backend_User_Throttle (0.46 seconds)\r\nMigrating: 2014_01_04_000005_Db_Backend_User_Preferences\r\nMigrated:  2014_01_04_000005_Db_Backend_User_Preferences (0.31 seconds)\r\nMigrating: 2014_10_01_000006_Db_Backend_Access_Log\r\nMigrated:  2014_10_01_000006_Db_Backend_Access_Log (0.45 seconds)\r\nMigrating: 2014_10_01_000007_Db_Backend_Add_Description_Field\r\nMigrated:  2014_10_01_000007_Db_Backend_Add_Description_Field (0.21 seconds)\r\nMigrating: 2015_10_01_000008_Db_Backend_Add_Superuser_Flag\r\nMigrated:  2015_10_01_000008_Db_Backend_Add_Superuser_Flag (0.07 seconds)\r\nMigrating: 2016_10_01_000009_Db_Backend_Timestamp_Fix\r\nMigrated:  2016_10_01_000009_Db_Backend_Timestamp_Fix (0.29 seconds)\r\nMigrating: 2017_10_01_000010_Db_Backend_User_Roles\r\nMigrated:  2017_10_01_000010_Db_Backend_User_Roles (0.58 seconds)\r\nMigrating: 2018_12_16_000011_Db_Backend_Add_Deleted_At\r\nMigrated:  2018_12_16_000011_Db_Backend_Add_Deleted_At (0.01 seconds)\r\nCms\r\nMigrating: 2014_10_01_000001_Db_Cms_Theme_Data\r\nMigrated:  2014_10_01_000001_Db_Cms_Theme_Data (0.21 seconds)\r\nMigrating: 2016_10_01_000002_Db_Cms_Timestamp_Fix\r\nMigrated:  2016_10_01_000002_Db_Cms_Timestamp_Fix (0.06 seconds)\r\nMigrating: 2017_10_01_000003_Db_Cms_Theme_Logs\r\nMigrated:  2017_10_01_000003_Db_Cms_Theme_Logs (1.12 seconds)\r\nMigrating: 2018_11_01_000001_Db_Cms_Theme_Templates\r\nMigrated:  2018_11_01_000001_Db_Cms_Theme_Templates (1.17 seconds)\r\nSeeded System \r\nSeeded Backend \r\nWinter.Demo\r\n - v1.0.1:  First version of Demo\r\n\r\n\\Backend\\Database\\Seeds\\DatabaseSeeder reported:\r\n - The following password has been automatically generated for the \"admin\" account: dn0eu0KHV07eHcFHx8jnFC\r\n"} 
[2022-08-26 04:11:15+02:00] INFO: Installer API request received {"method":"POST","endpoint":"createAdmin"} 
[2022-08-26 04:11:15+02:00] NOTICE: Booting Laravel framework  
[2022-08-26 04:11:15+02:00] NOTICE: Loading autoloader  
[2022-08-26 04:11:15+02:00] NOTICE: Bootstrapping kernel  
[2022-08-26 04:11:15+02:00] NOTICE: Finding initial admin account  
[2022-08-26 04:11:15+02:00] NOTICE: Changing admin account to details provided in installation  
[2022-08-26 04:11:15+02:00] INFO: Installer API request received {"method":"POST","endpoint":"cleanUp"} 
[2022-08-26 04:11:15+02:00] NOTICE: Removing installation files  
[2022-08-26 04:11:15+02:00] NOTICE: Removing temporary installation folders  
[2022-08-26 04:11:19+02:00] NOTICE: Removing core development files  
[2022-08-26 04:11:19+02:00] NOTICE: Moving files from temporary work directory to final installation path {"workDir":"E:\\xampp\\htdocs\\isp_portfolio\\.wintercms","installDir":"E:\\xampp\\htdocs\\isp_portfolio"} 
[2022-08-26 04:11:20+02:00] NOTICE: Removing work directory  
[2022-08-26 04:11:20+02:00] NOTICE: Installation complete!  
